c:\users\cvgsc\source\repos\ac97\driver\ac97\x64\debug\vc145.pdb
c:\users\cvgsc\source\repos\ac97\driver\ac97\x64\debug\ac97qemu.obj
c:\users\cvgsc\source\repos\ac97\driver\ac97\x64\debug\ac97\ac97qemu.cat
c:\users\cvgsc\source\repos\ac97\driver\ac97\x64\debug\ac97.sys
c:\users\cvgsc\source\repos\ac97\driver\ac97\x64\debug\ac97.pdb
c:\users\cvgsc\source\repos\ac97\driver\ac97\x64\debug\ac97qemu.sys
c:\users\cvgsc\source\repos\ac97\driver\ac97\x64\debug\ac97qemu.pdb
c:\users\cvgsc\source\repos\ac97\driver\ac97\x64\debug\ac97qemu.inf
c:\users\cvgsc\source\repos\ac97\driver\ac97\x64\debug\ac97qemu.cer
c:\users\cvgsc\source\repos\ac97\driver\ac97\x64\debug\ac97.tlog\cl.command.1.tlog
c:\users\cvgsc\source\repos\ac97\driver\ac97\x64\debug\ac97.tlog\cl.items.tlog
c:\users\cvgsc\source\repos\ac97\driver\ac97\x64\debug\ac97.tlog\cl.read.1.tlog
c:\users\cvgsc\source\repos\ac97\driver\ac97\x64\debug\ac97.tlog\cl.write.1.tlog
c:\users\cvgsc\source\repos\ac97\driver\ac97\x64\debug\ac97.tlog\drvcat.command.1.tlog
c:\users\cvgsc\source\repos\ac97\driver\ac97\x64\debug\ac97.tlog\drvcat.read.1.tlog
c:\users\cvgsc\source\repos\ac97\driver\ac97\x64\debug\ac97.tlog\drvcat.write.1.tlog
c:\users\cvgsc\source\repos\ac97\driver\ac97\x64\debug\ac97.tlog\inf2cat-expand.13016.read.1.tlog
c:\users\cvgsc\source\repos\ac97\driver\ac97\x64\debug\ac97.tlog\inf2cat-expand.13016.write.1.tlog
c:\users\cvgsc\source\repos\ac97\driver\ac97\x64\debug\ac97.tlog\inf2cat-expand.7652.read.1.tlog
c:\users\cvgsc\source\repos\ac97\driver\ac97\x64\debug\ac97.tlog\inf2cat-expand.7652.write.1.tlog
c:\users\cvgsc\source\repos\ac97\driver\ac97\x64\debug\ac97.tlog\inf2cat-expand.8712.read.1.tlog
c:\users\cvgsc\source\repos\ac97\driver\ac97\x64\debug\ac97.tlog\inf2cat-expand.8712.write.1.tlog
c:\users\cvgsc\source\repos\ac97\driver\ac97\x64\debug\ac97.tlog\inf2cat-expand.read.1.tlog
c:\users\cvgsc\source\repos\ac97\driver\ac97\x64\debug\ac97.tlog\inf2cat-expand.write.1.tlog
c:\users\cvgsc\source\repos\ac97\driver\ac97\x64\debug\ac97.tlog\inf2cat.command.1.tlog
c:\users\cvgsc\source\repos\ac97\driver\ac97\x64\debug\ac97.tlog\inf2cat.read.1.tlog
c:\users\cvgsc\source\repos\ac97\driver\ac97\x64\debug\ac97.tlog\inf2cat.write.1.tlog
c:\users\cvgsc\source\repos\ac97\driver\ac97\x64\debug\ac97.tlog\link.command.1.tlog
c:\users\cvgsc\source\repos\ac97\driver\ac97\x64\debug\ac97.tlog\link.read.1.tlog
c:\users\cvgsc\source\repos\ac97\driver\ac97\x64\debug\ac97.tlog\link.secondary.1.tlog
c:\users\cvgsc\source\repos\ac97\driver\ac97\x64\debug\ac97.tlog\link.write.1.tlog
c:\users\cvgsc\source\repos\ac97\driver\ac97\x64\debug\ac97.tlog\signtool.command.1.tlog
c:\users\cvgsc\source\repos\ac97\driver\ac97\x64\debug\ac97.tlog\signtool.read.1.tlog
c:\users\cvgsc\source\repos\ac97\driver\ac97\x64\debug\ac97.tlog\signtool.timestamp.1.tlog
c:\users\cvgsc\source\repos\ac97\driver\ac97\x64\debug\ac97.tlog\signtool.write.1.tlog
c:\users\cvgsc\source\repos\ac97\driver\ac97\x64\debug\ac97.tlog\stampinf.command.1.tlog
c:\users\cvgsc\source\repos\ac97\driver\ac97\x64\debug\ac97.tlog\stampinf.read.1.tlog
c:\users\cvgsc\source\repos\ac97\driver\ac97\x64\debug\ac97.tlog\stampinf.write.1.tlog
